Build started 28/02/2014 21:09:34.
     1>Project "C:\Users\Josh\Dropbox\4th year project\iirlichkt\irrlicht-1.8\examples\07.Collision\Collision_vc10.vcxproj" on node 2 (build target(s)).
     1>C:\Program Files (x86)\MSBuild\Microsoft.Cpp\v4.0\Microsoft.CppBuild.targets(299,5): warning MSB8004: Output Directory does not end with a trailing slash.  This build instance will add the slash as it is required to allow proper evaluation of the Output Directory.
     1>InitializeBuildStatus:
         Creating "Debug\07.Collision.unsuccessfulbuild" because "AlwaysCreate" was specified.
       ClCompile:
         c:\Program Files (x86)\Microsoft Visual Studio 10.0\VC\bin\CL.exe /c /I..\..\include /ZI /nologo /W3 /WX- /Od /Oy- /D WIN32 /D _DEBUG /D _CONSOLE /D _VC80_UPGRADE=0x0710 /D _MBCS /Gm- /EHsc /RTC1 /MTd /GS /fp:precise /Zc:wchar_t /Zc:forScope /openmp /Fo"Debug\\" /Fd"Debug\vc100.pdb" /Gd /TP /analyze- /errorReport:prompt main.cpp
         main.cpp
     1>c:\users\josh\dropbox\4th year project\iirlichkt\irrlicht-1.8\examples\07.collision\main.cpp(198): warning C4305: 'initializing' : truncation from 'double' to 'float'
     1>c:\users\josh\dropbox\4th year project\iirlichkt\irrlicht-1.8\examples\07.collision\main.cpp(612): warning C4305: 'argument' : truncation from 'double' to 'const irr::f32'
     1>c:\users\josh\dropbox\4th year project\iirlichkt\irrlicht-1.8\examples\07.collision\main.cpp(613): warning C4305: 'argument' : truncation from 'double' to 'const irr::f32'
     1>c:\users\josh\dropbox\4th year project\iirlichkt\irrlicht-1.8\examples\07.collision\main.cpp(884): warning C4996: 'fopen': This function or variable may be unsafe. Consider using fopen_s instead. To disable deprecation, use _CRT_SECURE_NO_WARNINGS. See online help for details.
                 c:\program files (x86)\microsoft visual studio 10.0\vc\include\stdio.h(234) : see declaration of 'fopen'
     1>c:\users\josh\dropbox\4th year project\iirlichkt\irrlicht-1.8\examples\07.collision\main.cpp(893): warning C4018: '<' : signed/unsigned mismatch
     1>c:\users\josh\dropbox\4th year project\iirlichkt\irrlicht-1.8\examples\07.collision\main.cpp(1004): warning C4018: '<' : signed/unsigned mismatch
     1>c:\users\josh\dropbox\4th year project\iirlichkt\irrlicht-1.8\examples\07.collision\main.cpp(1023): warning C4305: '=' : truncation from 'unsigned int' to 'char'
     1>c:\users\josh\dropbox\4th year project\iirlichkt\irrlicht-1.8\examples\07.collision\main.cpp(1023): warning C4309: '=' : truncation of constant value
     1>c:\users\josh\dropbox\4th year project\iirlichkt\irrlicht-1.8\examples\07.collision\main.cpp(1028): warning C4018: '<' : signed/unsigned mismatch
     1>c:\users\josh\dropbox\4th year project\iirlichkt\irrlicht-1.8\examples\07.collision\main.cpp(1068): warning C4018: '<' : signed/unsigned mismatch
     1>c:\users\josh\dropbox\4th year project\iirlichkt\irrlicht-1.8\examples\07.collision\main.cpp(1073): warning C4018: '<' : signed/unsigned mismatch
     1>c:\users\josh\dropbox\4th year project\iirlichkt\irrlicht-1.8\examples\07.collision\main.cpp(1088): warning C4996: 'strcat': This function or variable may be unsafe. Consider using strcat_s instead. To disable deprecation, use _CRT_SECURE_NO_WARNINGS. See online help for details.
                 c:\program files (x86)\microsoft visual studio 10.0\vc\include\string.h(110) : see declaration of 'strcat'
     1>c:\users\josh\dropbox\4th year project\iirlichkt\irrlicht-1.8\examples\07.collision\main.cpp(1089): warning C4996: 'strcat': This function or variable may be unsafe. Consider using strcat_s instead. To disable deprecation, use _CRT_SECURE_NO_WARNINGS. See online help for details.
                 c:\program files (x86)\microsoft visual studio 10.0\vc\include\string.h(110) : see declaration of 'strcat'
     1>c:\users\josh\dropbox\4th year project\iirlichkt\irrlicht-1.8\examples\07.collision\main.cpp(1103): warning C4305: 'argument' : truncation from 'double' to 'irr::f32'
     1>c:\users\josh\dropbox\4th year project\iirlichkt\irrlicht-1.8\examples\07.collision\main.cpp(1104): warning C4305: 'argument' : truncation from 'double' to 'irr::f32'
     1>c:\users\josh\dropbox\4th year project\iirlichkt\irrlicht-1.8\examples\07.collision\main.cpp(1110): warning C4800: 'int' : forcing value to bool 'true' or 'false' (performance warning)
     1>c:\users\josh\dropbox\4th year project\iirlichkt\irrlicht-1.8\examples\07.collision\main.cpp(1114): warning C4800: 'int' : forcing value to bool 'true' or 'false' (performance warning)
     1>c:\users\josh\dropbox\4th year project\iirlichkt\irrlicht-1.8\examples\07.collision\main.cpp(1154): warning C4305: 'argument' : truncation from 'double' to 'irr::f32'
     1>c:\users\josh\dropbox\4th year project\iirlichkt\irrlicht-1.8\examples\07.collision\main.cpp(1154): warning C4305: 'argument' : truncation from 'double' to 'irr::f32'
     1>c:\users\josh\dropbox\4th year project\iirlichkt\irrlicht-1.8\examples\07.collision\main.cpp(1154): warning C4305: 'argument' : truncation from 'double' to 'irr::f32'
     1>c:\users\josh\dropbox\4th year project\iirlichkt\irrlicht-1.8\examples\07.collision\main.cpp(1207): warning C4996: 'strcat': This function or variable may be unsafe. Consider using strcat_s instead. To disable deprecation, use _CRT_SECURE_NO_WARNINGS. See online help for details.
                 c:\program files (x86)\microsoft visual studio 10.0\vc\include\string.h(110) : see declaration of 'strcat'
     1>c:\users\josh\dropbox\4th year project\iirlichkt\irrlicht-1.8\examples\07.collision\main.cpp(1208): warning C4996: 'strcat': This function or variable may be unsafe. Consider using strcat_s instead. To disable deprecation, use _CRT_SECURE_NO_WARNINGS. See online help for details.
                 c:\program files (x86)\microsoft visual studio 10.0\vc\include\string.h(110) : see declaration of 'strcat'
     1>c:\users\josh\dropbox\4th year project\iirlichkt\irrlicht-1.8\examples\07.collision\main.cpp(1368): warning C4244: 'argument' : conversion from 'double' to 'irr::f32', possible loss of data
     1>c:\users\josh\dropbox\4th year project\iirlichkt\irrlicht-1.8\examples\07.collision\main.cpp(1368): warning C4244: 'argument' : conversion from 'double' to 'irr::f32', possible loss of data
     1>c:\users\josh\dropbox\4th year project\iirlichkt\irrlicht-1.8\examples\07.collision\main.cpp(1368): warning C4244: 'argument' : conversion from 'double' to 'irr::f32', possible loss of data
     1>c:\users\josh\dropbox\4th year project\iirlichkt\irrlicht-1.8\examples\07.collision\main.cpp(1371): warning C4244: 'argument' : conversion from 'double' to 'irr::f32', possible loss of data
     1>c:\users\josh\dropbox\4th year project\iirlichkt\irrlicht-1.8\examples\07.collision\main.cpp(1371): warning C4244: 'argument' : conversion from 'double' to 'irr::f32', possible loss of data
     1>c:\users\josh\dropbox\4th year project\iirlichkt\irrlicht-1.8\examples\07.collision\main.cpp(1371): warning C4244: 'argument' : conversion from 'double' to 'irr::f32', possible loss of data
     1>c:\users\josh\dropbox\4th year project\iirlichkt\irrlicht-1.8\examples\07.collision\main.cpp(1479): warning C4244: 'argument' : conversion from 'double' to 'irr::f32', possible loss of data
     1>c:\users\josh\dropbox\4th year project\iirlichkt\irrlicht-1.8\examples\07.collision\main.cpp(1480): warning C4244: '=' : conversion from 'double' to 'float', possible loss of data
     1>c:\users\josh\dropbox\4th year project\iirlichkt\irrlicht-1.8\examples\07.collision\main.cpp(1484): warning C4244: 'argument' : conversion from 'double' to 'irr::f32', possible loss of data
     1>c:\users\josh\dropbox\4th year project\iirlichkt\irrlicht-1.8\examples\07.collision\main.cpp(1485): warning C4244: '=' : conversion from 'double' to 'float', possible loss of data
     1>c:\users\josh\dropbox\4th year project\iirlichkt\irrlicht-1.8\examples\07.collision\main.cpp(1497): warning C4305: 'argument' : truncation from 'double' to 'float'
     1>c:\users\josh\dropbox\4th year project\iirlichkt\irrlicht-1.8\examples\07.collision\main.cpp(1503): warning C4305: 'argument' : truncation from 'double' to 'float'
     1>c:\users\josh\dropbox\4th year project\iirlichkt\irrlicht-1.8\examples\07.collision\main.cpp(1545): warning C4018: '<' : signed/unsigned mismatch
     1>c:\users\josh\dropbox\4th year project\iirlichkt\irrlicht-1.8\examples\07.collision\main.cpp(1551): warning C4018: '<' : signed/unsigned mismatch
     1>c:\users\josh\dropbox\4th year project\iirlichkt\irrlicht-1.8\examples\07.collision\main.cpp(1366): warning C4101: 'selectedSceneNode' : unreferenced local variable
     1>c:\users\josh\dropbox\4th year project\iirlichkt\irrlicht-1.8\examples\07.collision\main.cpp(1590): warning C4996: 'strcat': This function or variable may be unsafe. Consider using strcat_s instead. To disable deprecation, use _CRT_SECURE_NO_WARNINGS. See online help for details.
                 c:\program files (x86)\microsoft visual studio 10.0\vc\include\string.h(110) : see declaration of 'strcat'
     1>c:\users\josh\dropbox\4th year project\iirlichkt\irrlicht-1.8\examples\07.collision\main.cpp(1591): warning C4996: 'strcat': This function or variable may be unsafe. Consider using strcat_s instead. To disable deprecation, use _CRT_SECURE_NO_WARNINGS. See online help for details.
                 c:\program files (x86)\microsoft visual studio 10.0\vc\include\string.h(110) : see declaration of 'strcat'
     1>c:\users\josh\dropbox\4th year project\iirlichkt\irrlicht-1.8\examples\07.collision\main.cpp(1624): warning C4996: 'std::basic_string<_Elem,_Traits,_Ax>::copy': Function call with parameters that may be unsafe - this call relies on the caller to check that the passed values are correct. To disable this warning, use -D_SCL_SECURE_NO_WARNINGS. See documentation on how to use Visual C++ 'Checked Iterators'
                 with
                 [
                     _Elem=char,
                     _Traits=std::char_traits<char>,
                     _Ax=std::allocator<char>
                 ]
                 c:\program files (x86)\microsoft visual studio 10.0\vc\include\xstring(1556) : see declaration of 'std::basic_string<_Elem,_Traits,_Ax>::copy'
                 with
                 [
                     _Elem=char,
                     _Traits=std::char_traits<char>,
                     _Ax=std::allocator<char>
                 ]
     1>c:\users\josh\dropbox\4th year project\iirlichkt\irrlicht-1.8\examples\07.collision\main.cpp(1632): warning C4996: 'std::basic_string<_Elem,_Traits,_Ax>::copy': Function call with parameters that may be unsafe - this call relies on the caller to check that the passed values are correct. To disable this warning, use -D_SCL_SECURE_NO_WARNINGS. See documentation on how to use Visual C++ 'Checked Iterators'
                 with
                 [
                     _Elem=char,
                     _Traits=std::char_traits<char>,
                     _Ax=std::allocator<char>
                 ]
                 c:\program files (x86)\microsoft visual studio 10.0\vc\include\xstring(1556) : see declaration of 'std::basic_string<_Elem,_Traits,_Ax>::copy'
                 with
                 [
                     _Elem=char,
                     _Traits=std::char_traits<char>,
                     _Ax=std::allocator<char>
                 ]
     1>c:\users\josh\dropbox\4th year project\iirlichkt\irrlicht-1.8\examples\07.collision\main.cpp(1637): warning C4996: 'std::basic_string<_Elem,_Traits,_Ax>::copy': Function call with parameters that may be unsafe - this call relies on the caller to check that the passed values are correct. To disable this warning, use -D_SCL_SECURE_NO_WARNINGS. See documentation on how to use Visual C++ 'Checked Iterators'
                 with
                 [
                     _Elem=char,
                     _Traits=std::char_traits<char>,
                     _Ax=std::allocator<char>
                 ]
                 c:\program files (x86)\microsoft visual studio 10.0\vc\include\xstring(1556) : see declaration of 'std::basic_string<_Elem,_Traits,_Ax>::copy'
                 with
                 [
                     _Elem=char,
                     _Traits=std::char_traits<char>,
                     _Ax=std::allocator<char>
                 ]
     1>c:\users\josh\dropbox\4th year project\iirlichkt\irrlicht-1.8\examples\07.collision\main.cpp(1645): warning C4996: 'std::basic_string<_Elem,_Traits,_Ax>::copy': Function call with parameters that may be unsafe - this call relies on the caller to check that the passed values are correct. To disable this warning, use -D_SCL_SECURE_NO_WARNINGS. See documentation on how to use Visual C++ 'Checked Iterators'
                 with
                 [
                     _Elem=char,
                     _Traits=std::char_traits<char>,
                     _Ax=std::allocator<char>
                 ]
                 c:\program files (x86)\microsoft visual studio 10.0\vc\include\xstring(1556) : see declaration of 'std::basic_string<_Elem,_Traits,_Ax>::copy'
                 with
                 [
                     _Elem=char,
                     _Traits=std::char_traits<char>,
                     _Ax=std::allocator<char>
                 ]
     1>c:\users\josh\dropbox\4th year project\iirlichkt\irrlicht-1.8\examples\07.collision\main.cpp(1650): warning C4996: 'std::basic_string<_Elem,_Traits,_Ax>::copy': Function call with parameters that may be unsafe - this call relies on the caller to check that the passed values are correct. To disable this warning, use -D_SCL_SECURE_NO_WARNINGS. See documentation on how to use Visual C++ 'Checked Iterators'
                 with
                 [
                     _Elem=char,
                     _Traits=std::char_traits<char>,
                     _Ax=std::allocator<char>
                 ]
                 c:\program files (x86)\microsoft visual studio 10.0\vc\include\xstring(1556) : see declaration of 'std::basic_string<_Elem,_Traits,_Ax>::copy'
                 with
                 [
                     _Elem=char,
                     _Traits=std::char_traits<char>,
                     _Ax=std::allocator<char>
                 ]
     1>c:\users\josh\dropbox\4th year project\iirlichkt\irrlicht-1.8\examples\07.collision\main.cpp(1663): warning C4996: 'std::basic_string<_Elem,_Traits,_Ax>::copy': Function call with parameters that may be unsafe - this call relies on the caller to check that the passed values are correct. To disable this warning, use -D_SCL_SECURE_NO_WARNINGS. See documentation on how to use Visual C++ 'Checked Iterators'
                 with
                 [
                     _Elem=char,
                     _Traits=std::char_traits<char>,
                     _Ax=std::allocator<char>
                 ]
                 c:\program files (x86)\microsoft visual studio 10.0\vc\include\xstring(1556) : see declaration of 'std::basic_string<_Elem,_Traits,_Ax>::copy'
                 with
                 [
                     _Elem=char,
                     _Traits=std::char_traits<char>,
                     _Ax=std::allocator<char>
                 ]
     1>c:\users\josh\dropbox\4th year project\iirlichkt\irrlicht-1.8\examples\07.collision\main.cpp(1668): warning C4996: 'std::basic_string<_Elem,_Traits,_Ax>::copy': Function call with parameters that may be unsafe - this call relies on the caller to check that the passed values are correct. To disable this warning, use -D_SCL_SECURE_NO_WARNINGS. See documentation on how to use Visual C++ 'Checked Iterators'
                 with
                 [
                     _Elem=char,
                     _Traits=std::char_traits<char>,
                     _Ax=std::allocator<char>
                 ]
                 c:\program files (x86)\microsoft visual studio 10.0\vc\include\xstring(1556) : see declaration of 'std::basic_string<_Elem,_Traits,_Ax>::copy'
                 with
                 [
                     _Elem=char,
                     _Traits=std::char_traits<char>,
                     _Ax=std::allocator<char>
                 ]
     1>c:\users\josh\dropbox\4th year project\iirlichkt\irrlicht-1.8\examples\07.collision\main.cpp(1681): warning C4996: 'std::basic_string<_Elem,_Traits,_Ax>::copy': Function call with parameters that may be unsafe - this call relies on the caller to check that the passed values are correct. To disable this warning, use -D_SCL_SECURE_NO_WARNINGS. See documentation on how to use Visual C++ 'Checked Iterators'
                 with
                 [
                     _Elem=char,
                     _Traits=std::char_traits<char>,
                     _Ax=std::allocator<char>
                 ]
                 c:\program files (x86)\microsoft visual studio 10.0\vc\include\xstring(1556) : see declaration of 'std::basic_string<_Elem,_Traits,_Ax>::copy'
                 with
                 [
                     _Elem=char,
                     _Traits=std::char_traits<char>,
                     _Ax=std::allocator<char>
                 ]
     1>c:\users\josh\dropbox\4th year project\iirlichkt\irrlicht-1.8\examples\07.collision\main.cpp(1686): warning C4996: 'std::basic_string<_Elem,_Traits,_Ax>::copy': Function call with parameters that may be unsafe - this call relies on the caller to check that the passed values are correct. To disable this warning, use -D_SCL_SECURE_NO_WARNINGS. See documentation on how to use Visual C++ 'Checked Iterators'
                 with
                 [
                     _Elem=char,
                     _Traits=std::char_traits<char>,
                     _Ax=std::allocator<char>
                 ]
                 c:\program files (x86)\microsoft visual studio 10.0\vc\include\xstring(1556) : see declaration of 'std::basic_string<_Elem,_Traits,_Ax>::copy'
                 with
                 [
                     _Elem=char,
                     _Traits=std::char_traits<char>,
                     _Ax=std::allocator<char>
                 ]
     1>c:\users\josh\dropbox\4th year project\iirlichkt\irrlicht-1.8\examples\07.collision\main.cpp(1694): warning C4996: 'std::basic_string<_Elem,_Traits,_Ax>::copy': Function call with parameters that may be unsafe - this call relies on the caller to check that the passed values are correct. To disable this warning, use -D_SCL_SECURE_NO_WARNINGS. See documentation on how to use Visual C++ 'Checked Iterators'
                 with
                 [
                     _Elem=char,
                     _Traits=std::char_traits<char>,
                     _Ax=std::allocator<char>
                 ]
                 c:\program files (x86)\microsoft visual studio 10.0\vc\include\xstring(1556) : see declaration of 'std::basic_string<_Elem,_Traits,_Ax>::copy'
                 with
                 [
                     _Elem=char,
                     _Traits=std::char_traits<char>,
                     _Ax=std::allocator<char>
                 ]
     1>c:\users\josh\dropbox\4th year project\iirlichkt\irrlicht-1.8\examples\07.collision\main.cpp(1699): warning C4996: 'std::basic_string<_Elem,_Traits,_Ax>::copy': Function call with parameters that may be unsafe - this call relies on the caller to check that the passed values are correct. To disable this warning, use -D_SCL_SECURE_NO_WARNINGS. See documentation on how to use Visual C++ 'Checked Iterators'
                 with
                 [
                     _Elem=char,
                     _Traits=std::char_traits<char>,
                     _Ax=std::allocator<char>
                 ]
                 c:\program files (x86)\microsoft visual studio 10.0\vc\include\xstring(1556) : see declaration of 'std::basic_string<_Elem,_Traits,_Ax>::copy'
                 with
                 [
                     _Elem=char,
                     _Traits=std::char_traits<char>,
                     _Ax=std::allocator<char>
                 ]
     1>c:\users\josh\dropbox\4th year project\iirlichkt\irrlicht-1.8\examples\07.collision\main.cpp(1707): warning C4996: 'std::basic_string<_Elem,_Traits,_Ax>::copy': Function call with parameters that may be unsafe - this call relies on the caller to check that the passed values are correct. To disable this warning, use -D_SCL_SECURE_NO_WARNINGS. See documentation on how to use Visual C++ 'Checked Iterators'
                 with
                 [
                     _Elem=char,
                     _Traits=std::char_traits<char>,
                     _Ax=std::allocator<char>
                 ]
                 c:\program files (x86)\microsoft visual studio 10.0\vc\include\xstring(1556) : see declaration of 'std::basic_string<_Elem,_Traits,_Ax>::copy'
                 with
                 [
                     _Elem=char,
                     _Traits=std::char_traits<char>,
                     _Ax=std::allocator<char>
                 ]
     1>c:\users\josh\dropbox\4th year project\iirlichkt\irrlicht-1.8\examples\07.collision\main.cpp(1712): warning C4996: 'std::basic_string<_Elem,_Traits,_Ax>::copy': Function call with parameters that may be unsafe - this call relies on the caller to check that the passed values are correct. To disable this warning, use -D_SCL_SECURE_NO_WARNINGS. See documentation on how to use Visual C++ 'Checked Iterators'
                 with
                 [
                     _Elem=char,
                     _Traits=std::char_traits<char>,
                     _Ax=std::allocator<char>
                 ]
                 c:\program files (x86)\microsoft visual studio 10.0\vc\include\xstring(1556) : see declaration of 'std::basic_string<_Elem,_Traits,_Ax>::copy'
                 with
                 [
                     _Elem=char,
                     _Traits=std::char_traits<char>,
                     _Ax=std::allocator<char>
                 ]
     1>c:\users\josh\dropbox\4th year project\iirlichkt\irrlicht-1.8\include\vector3d.h(452): warning C4244: 'argument' : conversion from 'const double' to 'const irr::f32', possible loss of data
                 c:\users\josh\dropbox\4th year project\iirlichkt\irrlicht-1.8\examples\07.collision\main.cpp(478) : see reference to function template instantiation 'irr::core::vector3d<T> irr::core::operator *<double,irr::f32>(const S,const irr::core::vector3d<T> &)' being compiled
                 with
                 [
                     T=irr::f32,
                     S=double
                 ]
       Link:
         c:\Program Files (x86)\Microsoft Visual Studio 10.0\VC\bin\link.exe /ERRORREPORT:PROMPT /OUT:"..\..\bin\Win32-VisualStudio\07.Collision.exe" /NOLOGO /LIBPATH:"..\..\lib\Win32-visualstudio" kernel32.lib user32.lib gdi32.lib winspool.lib comdlg32.lib advapi32.lib shell32.lib ole32.lib oleaut32.lib uuid.lib odbc32.lib odbccp32.lib /MANIFEST /ManifestFile:"Debug\07.Collision.exe.intermediate.manifest" /MANIFESTUAC:"level='asInvoker' uiAccess='false'" /DEBUG /PDB:"C:\Users\Josh\Dropbox\4th year project\iirlichkt\irrlicht-1.8\bin\Win32-VisualStudio\07.Collision.pdb" /SUBSYSTEM:CONSOLE /TLBID:1 /DYNAMICBASE /IMPLIB:"..\..\bin\Win32-VisualStudio\07.Collision.lib" /MACHINE:X86 Debug\main.obj
         Debug\stl.obj
         LINK : ..\..\bin\Win32-VisualStudio\07.Collision.exe not found or not built by the last incremental link; performing full link
         Collision_vc10.vcxproj -> C:\Users\Josh\Dropbox\4th year project\iirlichkt\irrlicht-1.8\examples\07.Collision\..\..\bin\Win32-VisualStudio\07.Collision.exe
       Manifest:
         C:\Program Files (x86)\Microsoft SDKs\Windows\v7.0A\bin\mt.exe /nologo /verbose /outputresource:"..\..\bin\Win32-VisualStudio\07.Collision.exe;#1" /manifest Debug\07.Collision.exe.intermediate.manifest
       FinalizeBuildStatus:
         Deleting file "Debug\07.Collision.unsuccessfulbuild".
         Touching "Debug\07.Collision.lastbuildstate".
     1>Done Building Project "C:\Users\Josh\Dropbox\4th year project\iirlichkt\irrlicht-1.8\examples\07.Collision\Collision_vc10.vcxproj" (build target(s)).

Build succeeded.

Time Elapsed 00:00:07.76
