..\..\bin\Win32-VisualStudio\07.Collision.pdb
C:\USERS\JOSH\DROPBOX\4TH YEAR PROJECT\IIRLICHKT\IRRLICHT-1.8\BIN\WIN32-VISUALSTUDIO\07.COLLISION.EXE
C:\Users\Josh\Dropbox\4th year project\iirlichkt\irrlicht-1.8\examples\07.Collision\Release\07.Collision.exe.intermediate.manifest
C:\Users\Josh\Dropbox\4th year project\iirlichkt\irrlicht-1.8\examples\07.Collision\Release\cl.command.1.tlog
C:\Users\Josh\Dropbox\4th year project\iirlichkt\irrlicht-1.8\examples\07.Collision\Release\CL.read.1.tlog
C:\Users\Josh\Dropbox\4th year project\iirlichkt\irrlicht-1.8\examples\07.Collision\Release\CL.write.1.tlog
C:\USERS\JOSH\DROPBOX\4TH YEAR PROJECT\IIRLICHKT\IRRLICHT-1.8\EXAMPLES\07.COLLISION\RELEASE\COLLISION.OBJ
C:\USERS\JOSH\DROPBOX\4TH YEAR PROJECT\IIRLICHKT\IRRLICHT-1.8\EXAMPLES\07.COLLISION\RELEASE\CUBES.OBJ
C:\Users\Josh\Dropbox\4th year project\iirlichkt\irrlicht-1.8\examples\07.Collision\Release\link.command.1.tlog
C:\Users\Josh\Dropbox\4th year project\iirlichkt\irrlicht-1.8\examples\07.Collision\Release\link.read.1.tlog
C:\Users\Josh\Dropbox\4th year project\iirlichkt\irrlicht-1.8\examples\07.Collision\Release\link.write.1.tlog
C:\USERS\JOSH\DROPBOX\4TH YEAR PROJECT\IIRLICHKT\IRRLICHT-1.8\EXAMPLES\07.COLLISION\RELEASE\LINKEDLIST.OBJ
C:\USERS\JOSH\DROPBOX\4TH YEAR PROJECT\IIRLICHKT\IRRLICHT-1.8\EXAMPLES\07.COLLISION\RELEASE\MAIN.OBJ
C:\Users\Josh\Dropbox\4th year project\iirlichkt\irrlicht-1.8\examples\07.Collision\Release\mt.command.1.tlog
C:\Users\Josh\Dropbox\4th year project\iirlichkt\irrlicht-1.8\examples\07.Collision\Release\mt.read.1.tlog
C:\Users\Josh\Dropbox\4th year project\iirlichkt\irrlicht-1.8\examples\07.Collision\Release\mt.write.1.tlog
C:\USERS\JOSH\DROPBOX\4TH YEAR PROJECT\IIRLICHKT\IRRLICHT-1.8\EXAMPLES\07.COLLISION\RELEASE\READGCODE.OBJ
C:\USERS\JOSH\DROPBOX\4TH YEAR PROJECT\IIRLICHKT\IRRLICHT-1.8\EXAMPLES\07.COLLISION\RELEASE\ROTATION.OBJ
C:\USERS\JOSH\DROPBOX\4TH YEAR PROJECT\IIRLICHKT\IRRLICHT-1.8\EXAMPLES\07.COLLISION\RELEASE\VC100.PDB
E:\IIRLICHKT\IRRLICHT-1.8\BIN\WIN32-VISUALSTUDIO\07.COLLISION.EXE
E:\IIRLICHKT\IRRLICHT-1.8\EXAMPLES\07.COLLISION\RELEASE\07.COLLISION.EXE.INTERMEDIATE.MANIFEST
E:\IIRLICHKT\IRRLICHT-1.8\EXAMPLES\07.COLLISION\RELEASE\MAIN.OBJ
E:\IIRLICHKT\IRRLICHT-1.8\EXAMPLES\07.COLLISION\RELEASE\VC100.PDB
